<?xml version="1.0" encoding="UTF-8"?>
<testng-results ignored="0" total="1" passed="1" failed="0" skipped="0">
  <reporter-output>
  </reporter-output>
  <suite started-at="2024-03-22T23:28:46 IST" name="Default suite" finished-at="2024-03-22T23:28:49 IST" duration-ms="2223">
    <groups>
    </groups>
    <test started-at="2024-03-22T23:28:46 IST" name="Default test" finished-at="2024-03-22T23:28:49 IST" duration-ms="2223">
      <class name="SerializationAndDeserialization.DeserializationJsonDemo">
        <test-method signature="createUser()[pri:0, instance:SerializationAndDeserialization.DeserializationJsonDemo@6c80d78a]" started-at="2024-03-22T23:28:46 IST" name="createUser" finished-at="2024-03-22T23:28:49 IST" duration-ms="2180" status="PASS">
          <reporter-output>
          </reporter-output>
        </test-method> <!-- createUser -->
      </class> <!-- SerializationAndDeserialization.DeserializationJsonDemo -->
    </test> <!-- Default test -->
  </suite> <!-- Default suite -->
</testng-results>
