<?xml version="1.0" encoding="UTF-8"?>
<testng-results ignored="0" total="1" passed="1" failed="0" skipped="0">
  <reporter-output>
  </reporter-output>
  <suite started-at="2024-03-28T10:14:32 IST" name="Default suite" finished-at="2024-03-28T10:14:34 IST" duration-ms="1747">
    <groups>
    </groups>
    <test started-at="2024-03-28T10:14:32 IST" name="Default test" finished-at="2024-03-28T10:14:34 IST" duration-ms="1747">
      <class name="JsonIncludeAnnotation.JsonInludeDemo">
        <test-method signature="testMethod1()[pri:0, instance:JsonIncludeAnnotation.JsonInludeDemo@12468a38]" started-at="2024-03-28T10:14:32 IST" name="testMethod1" finished-at="2024-03-28T10:14:34 IST" duration-ms="1714" status="PASS">
          <reporter-output>
          </reporter-output>
        </test-method> <!-- testMethod1 -->
      </class> <!-- JsonIncludeAnnotation.JsonInludeDemo -->
    </test> <!-- Default test -->
  </suite> <!-- Default suite -->
</testng-results>
